
################################################################################
#
# This file has been generated by SpyGlass:
#     Report Name      : moresimple
#     Report Created by: sunny
#     Report Created on:  Wed Oct 15 09:14:25 2025
#     Working Directory: /home/sunny/cells/06_fpmul/spyglass
#     SpyGlass Version : SpyGlass_vO-2018.09-SP1
#     Policy Name      : SpyGlass(SpyGlass_vO-2018.09-SP1)
#                        erc(SpyGlass_vO-2018.09-SP1)
#                        latch(SpyGlass_vO-2018.09-SP1)
#                        lint(SpyGlass_vO-2018.09-SP1)
#                        morelint(SpyGlass_vO-2018.09-SP1)
#                        openmore(SpyGlass_vO-2018.09-SP1)
#                        simulation(SpyGlass_vO-2018.09-SP1)
#                        starc(SpyGlass_vO-2018.09-SP1)
#                        starc2005(SpyGlass_vO-2018.09-SP1)
#                        timing(SpyGlass_vO-2018.09-SP1)
#
#     Total Number of Generated Messages :          3
#     Number of Waived Messages          :          0
#     Number of Reported Messages        :          3
#     Number of Overlimit Messages       :          0
#
#
################################################################################

+++++++++++++++++++++++++++++++++++++++++++++++++++++++++++++++++++++++
MORESIMPLE REPORT:


############### BuiltIn -> RuleGroup=Command-line read ###############
+++++++++++++++++++++++++++++++++++++++++++++++++++++++++++++++++++++++++++++++++++++++
ID       Rule                     Alias          Severity    File    Line    Wt    Message
======================================================================================
[0]      checkCMD_unset_option    UnsetOption    Warning     N.A.    0       10    Option/Parameter 'enable_save_restore': Failed to check out license feature 'save_restore'.SpyGlass would disable 'save-restore' feature
+++++++++++++++++++++++++++++++++++++++++++++++++++++++++++++++++++++++++++++++++++++++


############### BuiltIn -> RuleGroup=Design Read ###############
+++++++++++++++++++++++++++++++++++++++++++++++++++++++++++++++++++++++++++++++++++++++
ID       Rule                    Alias                   Severity    File                                                                     Line    Wt    Message
======================================================================================
[2]      DetectTopDesignUnits    DetectTopDesignUnits    Info        ../vsrc/fpmul.v                                                          3       2     Module fpmul is a top level design unit
[1]      ElabSummary             ElabSummary             Info        ./spyglass-1/lint/lint_rtl/spyglass_reports/SpyGlass/elab_summary.rpt    0       2     Please refer file './spyglass-1/lint/lint_rtl/spyglass_reports/SpyGlass/elab_summary.rpt' for elab summary report
+++++++++++++++++++++++++++++++++++++++++++++++++++++++++++++++++++++++++++++++++++++++
