
################################################################################
#
# This file has been generated by SpyGlass:
#     Report Name      : no_msg_reporting_rules
#     Report Created by: sunny
#     Report Created on:  Wed Oct 15 09:14:25 2025
#     Working Directory: /home/sunny/cells/06_fpmul/spyglass
#     SpyGlass Version : SpyGlass_vO-2018.09-SP1
#     Policy Name      : SpyGlass(SpyGlass_vO-2018.09-SP1)
#                        erc(SpyGlass_vO-2018.09-SP1)
#                        latch(SpyGlass_vO-2018.09-SP1)
#                        lint(SpyGlass_vO-2018.09-SP1)
#                        morelint(SpyGlass_vO-2018.09-SP1)
#                        openmore(SpyGlass_vO-2018.09-SP1)
#                        simulation(SpyGlass_vO-2018.09-SP1)
#                        starc(SpyGlass_vO-2018.09-SP1)
#                        starc2005(SpyGlass_vO-2018.09-SP1)
#                        timing(SpyGlass_vO-2018.09-SP1)
#
#     Total Number of Generated Messages :          3
#     Number of Waived Messages          :          0
#     Number of Reported Messages        :          3
#     Number of Overlimit Messages       :          0
#
#
################################################################################

NO VIOLATION RULE REPORT :
++++++++++++++++++++++++++++++++++++++++++++++++++++++++++++++++++++++++++++++++

Following rules did not produce any violation or waived off during spyglass run

++++++++++++++++++++++++++++++++++++++++++++++++++++++++++++++++++++++++++++++++


================================================================================
	INDEX                                   RULE-NAME
================================================================================
	1                                  BlockHeader
	2                                  BufClock
	3                                  CheckDelayTimescale-ML
	4                                  CombLoop
	5                                  LatchFeedback
	6                                  NoAssignX-ML
	7                                  NoFeedThrus-ML
	8                                  NoXInCase-ML
	9                                  ParamWidthMismatch-ML
	10                                 STARC05-1.2.1.2
	11                                 STARC05-1.3.1.3
	12                                 STARC05-2.1.3.1
	13                                 STARC05-2.1.4.5
	14                                 STARC05-2.1.5.3
	15                                 STARC05-2.1.6.5
	16                                 STARC05-2.10.1.4a
	17                                 STARC05-2.10.1.4b
	18                                 STARC05-2.10.2.3
	19                                 STARC05-2.10.3.2a
	20                                 STARC05-2.11.3.1
	21                                 STARC05-2.2.3.3
	22                                 STARC05-2.3.1.2c
	23                                 STARC05-2.3.1.5b
	24                                 STARC05-2.3.1.6
	25                                 STARC05-2.3.3.1
	26                                 STARC05-2.3.4.1v
	27                                 STARC05-2.4.1.5
	28                                 STARC05-2.5.1.2
	29                                 STARC05-2.5.1.7
	30                                 STARC05-2.5.1.9
	31                                 STARC05-2.8.3.3
	32                                 UndrivenInTerm-ML
	33                                 UndrivenOutPort-ML
	34                                 UndrivenOutTermNLoaded-ML
	35                                 W110
	36                                 W110a
	37                                 W116
	38                                 W122
	39                                 W123
	40                                 W146
	41                                 W156
	42                                 W188
	43                                 W19
	44                                 W215
	45                                 W216
	46                                 W218
	47                                 W224
	48                                 W240
	49                                 W263
	50                                 W287a
	51                                 W287b
	52                                 W289
	53                                 W292
	54                                 W293
	55                                 W317
	56                                 W336
	57                                 W337
	58                                 W339a
	59                                 W352
	60                                 W362
	61                                 W392
	62                                 W398
	63                                 W401
	64                                 W402b
	65                                 W414
	66                                 W415
	67                                 W415a
	68                                 W416
	69                                 W421
	70                                 W422
	71                                 W424
	72                                 W426
	73                                 W442a
	74                                 W442b
	75                                 W442c
	76                                 W442f
	77                                 W450L
	78                                 W467
	79                                 W468
	80                                 W480
	81                                 W481a
	82                                 W481b
	83                                 W486
	84                                 W496a
	85                                 W496b
	86                                 W499
	87                                 W502
	88                                 W505
	89                                 W527
	90                                 W528
	91                                 W576
	92                                 W66
	93                                 W71
	94                                 badimplicitSM1
	95                                 badimplicitSM2
	96                                 badimplicitSM4
	97                                 bothedges
	98                                 mixedsenselist
	99                                 sim_race02
================================================================================
