
################################################################################
#
# This file has been generated by SpyGlass:
#     Report Name      : moresimple
#     Report Created by: sunny
#     Report Created on:  Wed Oct 15 09:14:04 2025
#     Working Directory: /home/sunny/cells/06_fpmul/spyglass
#     SpyGlass Version : SpyGlass_vO-2018.09-SP1
#     Policy Name      : SpyGlass(SpyGlass_vO-2018.09-SP1)
#                        clock-reset(SpyGlass_vO-2018.09-SP1)
#                        latch(SpyGlass_vO-2018.09-SP1)
#                        morelint(SpyGlass_vO-2018.09-SP1)
#                        openmore(SpyGlass_vO-2018.09-SP1)
#                        power_est(SpyGlass_vO-2018.09-1)
#                        starc(SpyGlass_vO-2018.09-SP1)
#                        timing(SpyGlass_vO-2018.09-SP1)
#                        txv(SpyGlass_vO-2018.09-SP1)
#
#     Total Number of Generated Messages :          2
#     Number of Waived Messages          :          0
#     Number of Reported Messages        :          2
#     Number of Overlimit Messages       :          0
#
#
################################################################################

+++++++++++++++++++++++++++++++++++++++++++++++++++++++++++++++++++++++
MORESIMPLE REPORT:


############### BuiltIn -> RuleGroup=Design Read ###############
+++++++++++++++++++++++++++++++++++++++++++++++++++++++++++++++++++++++++++++++++++++++
ID       Rule                    Alias                   Severity    File                                                                   Line    Wt    Message
======================================================================================
[1]      DetectTopDesignUnits    DetectTopDesignUnits    Info        ../vsrc/fpmul.v                                                        3       2     Module fpmul is a top level design unit
[0]      ElabSummary             ElabSummary             Info        ./spyglass-1/Design_Read/spyglass_reports/SpyGlass/elab_summary.rpt    0       2     Please refer file './spyglass-1/Design_Read/spyglass_reports/SpyGlass/elab_summary.rpt' for elab summary report
+++++++++++++++++++++++++++++++++++++++++++++++++++++++++++++++++++++++++++++++++++++++
