
################################################################################
#
# This file has been generated by SpyGlass:
#     Report Name      : no_msg_reporting_rules
#     Report Created by: sunny
#     Report Created on:  Wed Oct 15 09:14:04 2025
#     Working Directory: /home/sunny/cells/06_fpmul/spyglass
#     SpyGlass Version : SpyGlass_vO-2018.09-SP1
#     Policy Name      : SpyGlass(SpyGlass_vO-2018.09-SP1)
#                        clock-reset(SpyGlass_vO-2018.09-SP1)
#                        latch(SpyGlass_vO-2018.09-SP1)
#                        morelint(SpyGlass_vO-2018.09-SP1)
#                        openmore(SpyGlass_vO-2018.09-SP1)
#                        power_est(SpyGlass_vO-2018.09-1)
#                        starc(SpyGlass_vO-2018.09-SP1)
#                        timing(SpyGlass_vO-2018.09-SP1)
#                        txv(SpyGlass_vO-2018.09-SP1)
#
#     Total Number of Generated Messages :          2
#     Number of Waived Messages          :          0
#     Number of Reported Messages        :          2
#     Number of Overlimit Messages       :          0
#
#
################################################################################

NO VIOLATION RULE REPORT :
++++++++++++++++++++++++++++++++++++++++++++++++++++++++++++++++++++++++++++++++

Following rules did not produce any violation or waived off during spyglass run

++++++++++++++++++++++++++++++++++++++++++++++++++++++++++++++++++++++++++++++++


================================================================================
	INDEX                                   RULE-NAME
================================================================================
	1                                  ZeroSizeFile
================================================================================
